<?xml version="1.0" encoding="UTF-8"?>
<robot generator="Robot 7.4.2 (Python 3.13.2 on win32)" generated="2026-05-16T22:07:26.686767" rpa="false" schemaversion="5">
<suite id="s1" name="Tests" source="D:\E2E-Test-Automation---Robot-Framework\tests">
<suite id="s1-s1" name="Tc Order Successfully" source="D:\E2E-Test-Automation---Robot-Framework\tests\tc_order_successfully.robot">
<test id="s1-s1-t1" name="E2E Order Successfully" line="11">
<kw name="Open Browser To Login Page" owner="login_keywords">
<kw name="Open Browser" owner="SeleniumLibrary">
<msg time="2026-05-16T22:07:27.067887" level="INFO">Opening browser 'Chrome' to base url 'https://www.saucedemo.com/'.</msg>
<arg>${URL}</arg>
<arg>${BROWSER}</arg>
<arg>options=add_argument("--incognito")</arg>
<doc>Opens a new browser instance to the optional ``url``.</doc>
<status status="PASS" start="2026-05-16T22:07:27.067655" elapsed="1.936645"/>
</kw>
<kw name="Maximize Browser Window" owner="SeleniumLibrary">
<doc>Maximizes current browser window.</doc>
<status status="PASS" start="2026-05-16T22:07:29.004516" elapsed="0.030565"/>
</kw>
<status status="PASS" start="2026-05-16T22:07:27.067034" elapsed="1.968161"/>
</kw>
<kw name="Login With Valid Credentials" owner="login_keywords">
<kw name="Input Username" owner="login_keywords">
<kw name="Wait Until Element Is Visible" owner="SeleniumLibrary">
<arg>${LOCATOR_USERNAME}</arg>
<arg>${timeout}</arg>
<doc>Waits until the element ``locator`` is visible.</doc>
<status status="PASS" start="2026-05-16T22:07:29.035996" elapsed="0.080779"/>
</kw>
<kw name="Input Text" owner="SeleniumLibrary">
<msg time="2026-05-16T22:07:29.117180" level="INFO">Typing text 'standard_user' into text field 'id=user-name'.</msg>
<arg>${LOCATOR_USERNAME}</arg>
<arg>${username}</arg>
<doc>Types the given ``text`` into the text field identified by ``locator``.</doc>
<status status="PASS" start="2026-05-16T22:07:29.116953" elapsed="0.062711"/>
</kw>
<arg>${VALID_USERNAME}</arg>
<status status="PASS" start="2026-05-16T22:07:29.035745" elapsed="0.144033"/>
</kw>
<kw name="Input Password" owner="login_keywords">
<kw name="Wait Until Element Is Visible" owner="SeleniumLibrary">
<arg>${LOCATOR_PASSWORD}</arg>
<arg>${timeout}</arg>
<doc>Waits until the element ``locator`` is visible.</doc>
<status status="PASS" start="2026-05-16T22:07:29.180247" elapsed="0.010797"/>
</kw>
<kw name="Input Text" owner="SeleniumLibrary">
<msg time="2026-05-16T22:07:29.191547" level="INFO">Typing text 'secret_sauce' into text field 'id=password'.</msg>
<arg>${LOCATOR_PASSWORD}</arg>
<arg>${password}</arg>
<doc>Types the given ``text`` into the text field identified by ``locator``.</doc>
<status status="PASS" start="2026-05-16T22:07:29.191328" elapsed="0.045300"/>
</kw>
<arg>${VALID_PASSWORD}</arg>
<status status="PASS" start="2026-05-16T22:07:29.179960" elapsed="0.056771"/>
</kw>
<kw name="Click Login Button" owner="login_keywords">
<kw name="Wait Until Element Is Visible" owner="SeleniumLibrary">
<arg>${LOCATOR_LOGIN_BUTTON}</arg>
<arg>${timeout}</arg>
<doc>Waits until the element ``locator`` is visible.</doc>
<status status="PASS" start="2026-05-16T22:07:29.237154" elapsed="0.011751"/>
</kw>
<kw name="Click Button" owner="SeleniumLibrary">
<msg time="2026-05-16T22:07:29.249270" level="INFO">Clicking button 'id=login-button'.</msg>
<arg>${LOCATOR_LOGIN_BUTTON}</arg>
<doc>Clicks the button identified by ``locator``.</doc>
<status status="PASS" start="2026-05-16T22:07:29.249076" elapsed="0.074099"/>
</kw>
<status status="PASS" start="2026-05-16T22:07:29.236911" elapsed="0.086362"/>
</kw>
<status status="PASS" start="2026-05-16T22:07:29.035481" elapsed="0.287843"/>
</kw>
<kw name="Select Product" owner="products_keywords">
<kw name="Click Product Button" owner="products_keywords">
<for flavor="IN">
<iter>
<kw name="Wait Until Element Is Visible" owner="SeleniumLibrary">
<arg>${product}</arg>
<arg>${timeout}</arg>
<doc>Waits until the element ``locator`` is visible.</doc>
<status status="PASS" start="2026-05-16T22:07:29.324539" elapsed="0.012545"/>
</kw>
<kw name="Click Button" owner="SeleniumLibrary">
<msg time="2026-05-16T22:07:29.337451" level="INFO">Clicking button 'id=add-to-cart-sauce-labs-backpack'.</msg>
<arg>${product}</arg>
<doc>Clicks the button identified by ``locator``.</doc>
<status status="PASS" start="2026-05-16T22:07:29.337259" elapsed="0.044395"/>
</kw>
<var name="${product}">id=add-to-cart-sauce-labs-backpack</var>
<status status="PASS" start="2026-05-16T22:07:29.324429" elapsed="0.057297"/>
</iter>
<iter>
<kw name="Wait Until Element Is Visible" owner="SeleniumLibrary">
<arg>${product}</arg>
<arg>${timeout}</arg>
<doc>Waits until the element ``locator`` is visible.</doc>
<status status="PASS" start="2026-05-16T22:07:29.381990" elapsed="0.010846"/>
</kw>
<kw name="Click Button" owner="SeleniumLibrary">
<msg time="2026-05-16T22:07:29.393202" level="INFO">Clicking button 'id=add-to-cart-sauce-labs-bike-light'.</msg>
<arg>${product}</arg>
<doc>Clicks the button identified by ``locator``.</doc>
<status status="PASS" start="2026-05-16T22:07:29.393012" elapsed="0.035386"/>
</kw>
<var name="${product}">id=add-to-cart-sauce-labs-bike-light</var>
<status status="PASS" start="2026-05-16T22:07:29.381862" elapsed="0.046608"/>
</iter>
<var>${product}</var>
<value>@{products}</value>
<status status="PASS" start="2026-05-16T22:07:29.324277" elapsed="0.104246"/>
</for>
<arg>@{ฺฺBTN_ADD_TO_CART}</arg>
<status status="PASS" start="2026-05-16T22:07:29.324021" elapsed="0.104585"/>
</kw>
<status status="PASS" start="2026-05-16T22:07:29.323686" elapsed="0.104975"/>
</kw>
<kw name="Review Cart" owner="cart_keywords">
<kw name="Wait Until Element Is Visible" owner="SeleniumLibrary">
<arg>${CART_ICON}</arg>
<arg>${timeout}</arg>
<doc>Waits until the element ``locator`` is visible.</doc>
<status status="PASS" start="2026-05-16T22:07:29.429170" elapsed="0.009933"/>
</kw>
<kw name="Click Element" owner="SeleniumLibrary">
<msg time="2026-05-16T22:07:29.439462" level="INFO">Clicking element 'id=shopping_cart_container'.</msg>
<arg>${CART_ICON}</arg>
<doc>Click the element identified by ``locator``.</doc>
<status status="PASS" start="2026-05-16T22:07:29.439275" elapsed="0.037162"/>
</kw>
<status status="PASS" start="2026-05-16T22:07:29.428926" elapsed="0.047615"/>
</kw>
<kw name="Checkout" owner="checkout_keywords">
<kw name="Click Element" owner="SeleniumLibrary">
<msg time="2026-05-16T22:07:29.477531" level="INFO">Clicking element 'id=checkout'.</msg>
<arg>${CHECKOUT_BUTTON}</arg>
<doc>Click the element identified by ``locator``.</doc>
<status status="PASS" start="2026-05-16T22:07:29.477301" elapsed="0.039174"/>
</kw>
<status status="PASS" start="2026-05-16T22:07:29.476949" elapsed="0.039709"/>
</kw>
<kw name="Input Checkout Information" owner="checkout_keywords">
<kw name="Input First Name" owner="checkout_keywords">
<kw name="Wait Until Element Is Visible" owner="SeleniumLibrary">
<arg>${LOCATOR_FIRST_NAME_FIELD}</arg>
<arg>${timeout}</arg>
<doc>Waits until the element ``locator`` is visible.</doc>
<status status="PASS" start="2026-05-16T22:07:29.517533" elapsed="0.009868"/>
</kw>
<kw name="Input Text" owner="SeleniumLibrary">
<msg time="2026-05-16T22:07:29.527779" level="INFO">Typing text 'John' into text field 'id=first-name'.</msg>
<arg>${LOCATOR_FIRST_NAME_FIELD}</arg>
<arg>${first_name}</arg>
<doc>Types the given ``text`` into the text field identified by ``locator``.</doc>
<status status="PASS" start="2026-05-16T22:07:29.527568" elapsed="0.042473"/>
</kw>
<arg>${FIRST_NAME}</arg>
<status status="PASS" start="2026-05-16T22:07:29.517273" elapsed="0.052863"/>
</kw>
<kw name="Input Last Name" owner="checkout_keywords">
<kw name="Wait Until Element Is Visible" owner="SeleniumLibrary">
<arg>${LOCATOR_LAST_NAME_FIELD}</arg>
<arg>${timeout}</arg>
<doc>Waits until the element ``locator`` is visible.</doc>
<status status="PASS" start="2026-05-16T22:07:29.570592" elapsed="0.010011"/>
</kw>
<kw name="Input Text" owner="SeleniumLibrary">
<msg time="2026-05-16T22:07:29.580973" level="INFO">Typing text 'Doe' into text field 'id=last-name'.</msg>
<arg>${LOCATOR_LAST_NAME_FIELD}</arg>
<arg>${last_name}</arg>
<doc>Types the given ``text`` into the text field identified by ``locator``.</doc>
<status status="PASS" start="2026-05-16T22:07:29.580769" elapsed="0.038618"/>
</kw>
<arg>${LAST_NAME}</arg>
<status status="PASS" start="2026-05-16T22:07:29.570313" elapsed="0.049174"/>
</kw>
<kw name="Input Postal Code" owner="checkout_keywords">
<kw name="Wait Until Element Is Visible" owner="SeleniumLibrary">
<arg>${LOCATOR_POSTAL_CODE_FIELD}</arg>
<arg>${timeout}</arg>
<doc>Waits until the element ``locator`` is visible.</doc>
<status status="PASS" start="2026-05-16T22:07:29.619953" elapsed="0.010495"/>
</kw>
<kw name="Input Text" owner="SeleniumLibrary">
<msg time="2026-05-16T22:07:29.630849" level="INFO">Typing text '12345' into text field 'id=postal-code'.</msg>
<arg>${LOCATOR_POSTAL_CODE_FIELD}</arg>
<arg>${postal_code}</arg>
<doc>Types the given ``text`` into the text field identified by ``locator``.</doc>
<status status="PASS" start="2026-05-16T22:07:29.630627" elapsed="0.041643"/>
</kw>
<arg>${ZIP_CODE}</arg>
<status status="PASS" start="2026-05-16T22:07:29.619669" elapsed="0.052700"/>
</kw>
<kw name="Click Continue Button" owner="checkout_keywords">
<kw name="Wait Until Element Is Visible" owner="SeleniumLibrary">
<arg>${LOCATOR_CONTINUE_BUTTON}</arg>
<arg>${timeout}</arg>
<doc>Waits until the element ``locator`` is visible.</doc>
<status status="PASS" start="2026-05-16T22:07:29.672780" elapsed="0.009882"/>
</kw>
<kw name="Click Button" owner="SeleniumLibrary">
<msg time="2026-05-16T22:07:29.683029" level="INFO">Clicking button 'id=continue'.</msg>
<arg>${LOCATOR_CONTINUE_BUTTON}</arg>
<doc>Clicks the button identified by ``locator``.</doc>
<status status="PASS" start="2026-05-16T22:07:29.682829" elapsed="0.043664"/>
</kw>
<status status="PASS" start="2026-05-16T22:07:29.672545" elapsed="0.054046"/>
</kw>
<status status="PASS" start="2026-05-16T22:07:29.516988" elapsed="0.209653"/>
</kw>
<kw name="Verify Product Information" owner="verify_pricing_keywords">
<kw name="Verify Product1" owner="verify_pricing_keywords">
<kw name="Wait Until Element Is Visible" owner="SeleniumLibrary">
<arg>${PRODUCT1_NAME}</arg>
<arg>${timeout}</arg>
<doc>Waits until the element ``locator`` is visible.</doc>
<status status="PASS" start="2026-05-16T22:07:29.727470" elapsed="0.010035"/>
</kw>
<kw name="Element Should Contain" owner="SeleniumLibrary">
<msg time="2026-05-16T22:07:29.748596" level="INFO">Element 'xpath=(//div[@class='inventory_item_name'])[1]' contains text 'Sauce Labs Backpack'.</msg>
<arg>${PRODUCT1_NAME}</arg>
<arg>${product_name}</arg>
<doc>Verifies that element ``locator`` contains text ``expected``.</doc>
<status status="PASS" start="2026-05-16T22:07:29.737673" elapsed="0.011007"/>
</kw>
<kw name="Wait Until Element Is Visible" owner="SeleniumLibrary">
<arg>${PRODUCT1_DESC}</arg>
<arg>${timeout}</arg>
<doc>Waits until the element ``locator`` is visible.</doc>
<status status="PASS" start="2026-05-16T22:07:29.748837" elapsed="0.009947"/>
</kw>
<kw name="Element Should Contain" owner="SeleniumLibrary">
<msg time="2026-05-16T22:07:29.766493" level="INFO">Element 'xpath=(//div[@class='inventory_item_desc'])[1]' contains text 'carry.allTheThings() with the sleek, streamlined Sly Pack that melds uncompromising style with unequaled laptop and tablet protection.'.</msg>
<arg>${PRODUCT1_DESC}</arg>
<arg>${product_desc}</arg>
<doc>Verifies that element ``locator`` contains text ``expected``.</doc>
<status status="PASS" start="2026-05-16T22:07:29.758953" elapsed="0.007611"/>
</kw>
<kw name="Wait Until Element Is Visible" owner="SeleniumLibrary">
<arg>${PRODUCT1_PRICE}</arg>
<arg>${timeout}</arg>
<doc>Waits until the element ``locator`` is visible.</doc>
<status status="PASS" start="2026-05-16T22:07:29.766717" elapsed="0.009096"/>
</kw>
<kw name="Element Should Contain" owner="SeleniumLibrary">
<msg time="2026-05-16T22:07:29.783979" level="INFO">Element 'xpath=(//div[@class='inventory_item_price'])[1]' contains text '$29.99'.</msg>
<arg>${PRODUCT1_PRICE}</arg>
<arg>${product_price}</arg>
<doc>Verifies that element ``locator`` contains text ``expected``.</doc>
<status status="PASS" start="2026-05-16T22:07:29.775966" elapsed="0.008092"/>
</kw>
<arg>${PRODUCT_NAME_1}</arg>
<arg>${PRODUCT_DESC_1}</arg>
<arg>${PRODUCT_PRICE_1}</arg>
<status status="PASS" start="2026-05-16T22:07:29.727164" elapsed="0.056975"/>
</kw>
<kw name="Verify Product2" owner="verify_pricing_keywords">
<kw name="Wait Until Element Is Visible" owner="SeleniumLibrary">
<arg>${PRODUCT2_NAME}</arg>
<arg>${timeout}</arg>
<doc>Waits until the element ``locator`` is visible.</doc>
<status status="PASS" start="2026-05-16T22:07:29.784656" elapsed="0.009135"/>
</kw>
<kw name="Element Should Contain" owner="SeleniumLibrary">
<msg time="2026-05-16T22:07:29.801243" level="INFO">Element 'xpath=(//div[@class='inventory_item_name'])[2]' contains text 'Sauce Labs Bike Light'.</msg>
<arg>${PRODUCT2_NAME}</arg>
<arg>${product_name}</arg>
<doc>Verifies that element ``locator`` contains text ``expected``.</doc>
<status status="PASS" start="2026-05-16T22:07:29.793941" elapsed="0.007363"/>
</kw>
<kw name="Wait Until Element Is Visible" owner="SeleniumLibrary">
<arg>${PRODUCT2_DESC}</arg>
<arg>${timeout}</arg>
<doc>Waits until the element ``locator`` is visible.</doc>
<status status="PASS" start="2026-05-16T22:07:29.801434" elapsed="0.008851"/>
</kw>
<kw name="Element Should Contain" owner="SeleniumLibrary">
<msg time="2026-05-16T22:07:29.817514" level="INFO">Element 'xpath=(//div[@class='inventory_item_desc'])[2]' contains text 'A red light isn't the desired state in testing but it sure helps when riding your bike at night. Water-resistant with 3 lighting modes, 1 AAA battery included.'.</msg>
<arg>${PRODUCT2_DESC}</arg>
<arg>${product_desc}</arg>
<doc>Verifies that element ``locator`` contains text ``expected``.</doc>
<status status="PASS" start="2026-05-16T22:07:29.810433" elapsed="0.007143"/>
</kw>
<kw name="Wait Until Element Is Visible" owner="SeleniumLibrary">
<arg>${PRODUCT2_PRICE}</arg>
<arg>${timeout}</arg>
<doc>Waits until the element ``locator`` is visible.</doc>
<status status="PASS" start="2026-05-16T22:07:29.817704" elapsed="0.009128"/>
</kw>
<kw name="Element Should Contain" owner="SeleniumLibrary">
<msg time="2026-05-16T22:07:29.834211" level="INFO">Element 'xpath=(//div[@class='inventory_item_price'])[2]' contains text '$9.99'.</msg>
<arg>${PRODUCT2_PRICE}</arg>
<arg>${product_price}</arg>
<doc>Verifies that element ``locator`` contains text ``expected``.</doc>
<status status="PASS" start="2026-05-16T22:07:29.826985" elapsed="0.007287"/>
</kw>
<arg>${PRODUCT_NAME_2}</arg>
<arg>${PRODUCT_DESC_2}</arg>
<arg>${PRODUCT_PRICE_2}</arg>
<status status="PASS" start="2026-05-16T22:07:29.784323" elapsed="0.050020"/>
</kw>
<status status="PASS" start="2026-05-16T22:07:29.726910" elapsed="0.107490"/>
</kw>
<kw name="Completed Order" owner="complete_order_keywords">
<kw name="Click Button Finish" owner="complete_order_keywords">
<kw name="Wait Until Element Is Visible" owner="SeleniumLibrary">
<arg>${FINISH_ORDER_BUTTON}</arg>
<arg>${timeout}</arg>
<doc>Waits until the element ``locator`` is visible.</doc>
<status status="PASS" start="2026-05-16T22:07:29.835071" elapsed="0.010143"/>
</kw>
<kw name="Click Element" owner="SeleniumLibrary">
<msg time="2026-05-16T22:07:29.845568" level="INFO">Clicking element 'id=finish'.</msg>
<arg>${FINISH_ORDER_BUTTON}</arg>
<doc>Click the element identified by ``locator``.</doc>
<status status="PASS" start="2026-05-16T22:07:29.845383" elapsed="0.032734"/>
</kw>
<status status="PASS" start="2026-05-16T22:07:29.834873" elapsed="0.043346"/>
</kw>
<kw name="Click Button Back To Products" owner="complete_order_keywords">
<kw name="Wait Until Element Is Visible" owner="SeleniumLibrary">
<arg>${BACK_TO_PRODUCTS_BUTTON}</arg>
<arg>${timeout}</arg>
<doc>Waits until the element ``locator`` is visible.</doc>
<status status="PASS" start="2026-05-16T22:07:29.878644" elapsed="0.009892"/>
</kw>
<kw name="Click Element" owner="SeleniumLibrary">
<msg time="2026-05-16T22:07:29.888974" level="INFO">Clicking element 'id=back-to-products'.</msg>
<arg>${BACK_TO_PRODUCTS_BUTTON}</arg>
<doc>Click the element identified by ``locator``.</doc>
<status status="PASS" start="2026-05-16T22:07:29.888785" elapsed="0.034931"/>
</kw>
<status status="PASS" start="2026-05-16T22:07:29.878403" elapsed="0.045414"/>
</kw>
<status status="PASS" start="2026-05-16T22:07:29.834634" elapsed="0.089233"/>
</kw>
<kw name="Logout" owner="logout_keywords">
<kw name="Click Burger Menu" owner="logout_keywords">
<kw name="Wait Until Element Is Visible" owner="SeleniumLibrary">
<arg>${BURGER_MENU_BUTTON}</arg>
<arg>timeout=${timeout}</arg>
<doc>Waits until the element ``locator`` is visible.</doc>
<status status="PASS" start="2026-05-16T22:07:29.924676" elapsed="0.012615"/>
</kw>
<kw name="Click Element" owner="SeleniumLibrary">
<msg time="2026-05-16T22:07:29.937704" level="INFO">Clicking element 'id=react-burger-menu-btn'.</msg>
<arg>${BURGER_MENU_BUTTON}</arg>
<doc>Click the element identified by ``locator``.</doc>
<status status="PASS" start="2026-05-16T22:07:29.937501" elapsed="0.032950"/>
</kw>
<status status="PASS" start="2026-05-16T22:07:29.924443" elapsed="0.046105"/>
</kw>
<kw name="Click Logout Button" owner="logout_keywords">
<kw name="Wait Until Element Is Visible" owner="SeleniumLibrary">
<arg>${LOGOUT_BUTTON}</arg>
<arg>timeout=${timeout}</arg>
<doc>Waits until the element ``locator`` is visible.</doc>
<status status="PASS" start="2026-05-16T22:07:29.970948" elapsed="0.216779"/>
</kw>
<kw name="Click Element" owner="SeleniumLibrary">
<msg time="2026-05-16T22:07:30.188079" level="INFO">Clicking element 'id=logout_sidebar_link'.</msg>
<arg>${LOGOUT_BUTTON}</arg>
<doc>Click the element identified by ``locator``.</doc>
<status status="PASS" start="2026-05-16T22:07:30.187892" elapsed="0.045288"/>
</kw>
<status status="PASS" start="2026-05-16T22:07:29.970716" elapsed="0.262561"/>
</kw>
<status status="PASS" start="2026-05-16T22:07:29.924130" elapsed="0.309198"/>
</kw>
<kw name="Close Browser" owner="SeleniumLibrary">
<doc>Closes the current browser.</doc>
<status status="PASS" start="2026-05-16T22:07:30.233689" elapsed="2.106127"/>
</kw>
<doc>This test case verifies that a user can place an order successfully.</doc>
<status status="PASS" start="2026-05-16T22:07:27.066335" elapsed="5.273783"/>
</test>
<status status="PASS" start="2026-05-16T22:07:26.716572" elapsed="5.624072"/>
</suite>
<status status="PASS" start="2026-05-16T22:07:26.687893" elapsed="5.653410"/>
</suite>
<statistics>
<total>
<stat pass="1" fail="0" skip="0">All Tests</stat>
</total>
<tag>
</tag>
<suite>
<stat name="Tests" id="s1" pass="1" fail="0" skip="0">Tests</stat>
<stat name="Tc Order Successfully" id="s1-s1" pass="1" fail="0" skip="0">Tests.Tc Order Successfully</stat>
</suite>
</statistics>
<errors>
</errors>
</robot>
